<?xml version="1.0" encoding="UTF-8"?>
<!-- Generated by org.testng.reporters.JUnitReportReporter -->
<testsuite hostname="DESKTOP-T1A7N80" name="com.orangehrm.tests.samplenew.TestngAnnotations" tests="1" failures="0" timestamp="26 Oct 2019 11:33:24 GMT" time="0.047" errors="0">
  <testcase name="test1" time="0.047" classname="com.orangehrm.tests.samplenew.TestngAnnotations"/>
</testsuite> <!-- com.orangehrm.tests.samplenew.TestngAnnotations -->
