<?xml version="1.0" encoding="UTF-8"?>
<!-- Generated by org.testng.reporters.JUnitReportReporter -->
<testsuite hostname="DESKTOP-T1A7N80" name="com.javaPractice.Pagefactory" tests="2" failures="0" timestamp="29 Dec 2019 17:48:34 GMT" time="0.015" errors="0">
  <testcase name="testCase2" time="0.000" classname="com.javaPractice.Pagefactory"/>
  <testcase name="testCase1" time="0.015" classname="com.javaPractice.Pagefactory"/>
</testsuite> <!-- com.javaPractice.Pagefactory -->
