<?xml version="1.0" encoding="UTF-8"?>
<!-- Generated by org.testng.reporters.JUnitReportReporter -->
<testsuite hostname="DESKTOP-T1A7N80" name="com.orangehrm.tests.pim.AddEmployeeTest" tests="1" failures="0" timestamp="1 Apr 2019 15:35:15 GMT" time="72.197" errors="0">
  <testcase name="verifyEditEmployee" time="72.197" classname="com.orangehrm.tests.pim.AddEmployeeTest"/>
</testsuite> <!-- com.orangehrm.tests.pim.AddEmployeeTest -->
