<?xml version="1.0" encoding="UTF-8"?>
<!-- Generated by org.testng.reporters.JUnitReportReporter -->
<testsuite hostname="DESKTOP-T1A7N80" name="com.orangehrm.tests.sample.TestNaukari" tests="1" failures="0" timestamp="29 Oct 2019 06:35:17 GMT" time="15.132" errors="0">
  <testcase name="TestPopUp" time="15.132" classname="com.orangehrm.tests.sample.TestNaukari"/>
</testsuite> <!-- com.orangehrm.tests.sample.TestNaukari -->
