<?xml version="1.0" encoding="UTF-8"?>
<!-- Generated by org.testng.reporters.JUnitReportReporter -->
<testsuite hostname="DESKTOP-T1A7N80" name="com.orangehrm.tests.sample.Pagination" tests="1" failures="0" timestamp="12 Dec 2019 10:13:36 GMT" time="21.095" errors="0">
  <testcase name="handlingPage" time="21.095" classname="com.orangehrm.tests.sample.Pagination"/>
</testsuite> <!-- com.orangehrm.tests.sample.Pagination -->
