<?xml version="1.0" encoding="UTF-8"?>
<!-- Generated by org.testng.reporters.JUnitReportReporter -->
<testsuite hostname="DESKTOP-T1A7N80" name="com.orangehrm.tests.sample.Naukari" tests="1" failures="0" timestamp="6 Feb 2020 07:55:17 GMT" time="36.409" errors="0">
  <testcase name="TestPopUp" time="36.409" classname="com.orangehrm.tests.sample.Naukari"/>
</testsuite> <!-- com.orangehrm.tests.sample.Naukari -->
