<?xml version="1.0" encoding="UTF-8"?>
<!-- Generated by org.testng.reporters.JUnitReportReporter -->
<testsuite hostname="DESKTOP-T1A7N80" name="com.orangehrm.tests.samplenew.TailarmanAddToBag" tests="1" failures="0" timestamp="22 Dec 2019 14:41:00 GMT" time="41.715" errors="0">
  <testcase name="TestPopUp" time="41.715" classname="com.orangehrm.tests.samplenew.TailarmanAddToBag"/>
</testsuite> <!-- com.orangehrm.tests.samplenew.TailarmanAddToBag -->
