<?xml version="1.0" encoding="UTF-8"?>
<!-- Generated by org.testng.reporters.JUnitReportReporter -->
<testsuite hostname="DESKTOP-T1A7N80" name="com.orangehrm.tests.sample.DropDownCompar" tests="1" failures="0" timestamp="11 Feb 2020 17:34:48 GMT" time="22.959" errors="0">
  <testcase name="verifyDropDown" time="22.959" classname="com.orangehrm.tests.sample.DropDownCompar"/>
</testsuite> <!-- com.orangehrm.tests.sample.DropDownCompar -->
