<?xml version="1.0" encoding="UTF-8"?>
<!-- Generated by org.testng.reporters.JUnitReportReporter -->
<testsuite hostname="DESKTOP-T1A7N80" name="com.orangehrm.tests.sample.Naukari" tests="1" failures="0" timestamp="19 Dec 2019 09:02:30 GMT" time="127.800" errors="0">
  <testcase name="TestPopUp" time="127.800" classname="com.orangehrm.tests.sample.Naukari"/>
</testsuite> <!-- com.orangehrm.tests.sample.Naukari -->
