<?xml version="1.0" encoding="UTF-8"?>
<!-- Generated by org.testng.reporters.JUnitReportReporter -->
<testsuite hostname="DESKTOP-T1A7N80" name="com.orangehrm.tests.sample.TestNaukari" tests="1" failures="0" timestamp="20 Aug 2019 09:50:59 GMT" time="59.853" errors="0">
  <testcase name="TestPopUp" time="59.853" classname="com.orangehrm.tests.sample.TestNaukari"/>
</testsuite> <!-- com.orangehrm.tests.sample.TestNaukari -->
